app/build/intermediates/manifest_merge_blame_file/debug/manifest-merger-blame-debug-report.txt
1<?xml version="1.0" encoding="utf-8"?>
2<manifest xmlns:android="http://schemas.android.com/apk/res/android"
3    package="com.example.safezone"
4    android:versionCode="1"
5    android:versionName="1.0" >
6
7    <uses-sdk
8        android:minSdkVersion="24"
8-->src\main\AndroidManifest.xml
9        android:targetSdkVersion="30" />
9-->src\main\AndroidManifest.xml
10
11    <!--
12         The ACCESS_COARSE/FINE_LOCATION permissions are not required to use
13         Google Maps Android API v2, but you must specify either coarse or fine
14         location permissions for the "MyLocation" functionality.
15    -->
16    <uses-permission android:name="android.permission.ACCESS_FINE_LOCATION" />
16-->src\main\AndroidManifest.xml:10:5-79
16-->src\main\AndroidManifest.xml:10:22-76
17    <uses-permission android:name="com.google.android.providers.gsf.permission.READ_GSERVICES" />
17-->src\main\AndroidManifest.xml:11:5-98
17-->src\main\AndroidManifest.xml:11:22-95
18    <uses-permission android:name="android.permission.ACCESS_COARSE_LOCATION" />
18-->src\main\AndroidManifest.xml:12:5-81
18-->src\main\AndroidManifest.xml:12:22-78
19    <uses-permission android:name="android.permission.INTERNET" />
19-->src\main\AndroidManifest.xml:13:5-67
19-->src\main\AndroidManifest.xml:13:22-64
20    <uses-permission android:name="android.permission.ACCESS_COARSE_LOCATION" />
20-->src\main\AndroidManifest.xml:12:5-81
20-->src\main\AndroidManifest.xml:12:22-78
21    <uses-permission android:name="android.permission.ACCESS_NETWORK_STATE" />
21-->src\main\AndroidManifest.xml:15:5-79
21-->src\main\AndroidManifest.xml:15:22-76
22    <uses-permission android:name="android.permission.CALL_PHONE" />
22-->src\main\AndroidManifest.xml:16:5-69
22-->src\main\AndroidManifest.xml:16:22-66
23
24    <!-- Maps API needs OpenGL ES 2.0. -->
25    <uses-feature
25-->[com.google.android.libraries.maps:maps:3.1.0-beta] AndroidManifest.xml:15:3-17:30
26        android:glEsVersion="0x00020000"
26-->[com.google.android.libraries.maps:maps:3.1.0-beta] AndroidManifest.xml:16:5-37
27        android:required="true" />
27-->[com.google.android.libraries.maps:maps:3.1.0-beta] AndroidManifest.xml:17:5-28
28
29    <uses-permission android:name="android.permission.ACCESS_WIFI_STATE" />
29-->[com.google.android.libraries.places:places:2.2.0] AndroidManifest.xml:10:5-76
29-->[com.google.android.libraries.places:places:2.2.0] AndroidManifest.xml:10:22-73
30
31    <application
31-->src\main\AndroidManifest.xml:18:5-71:19
32        android:allowBackup="true"
32-->src\main\AndroidManifest.xml:19:9-35
33        android:appComponentFactory="androidx.core.app.CoreComponentFactory"
33-->[androidx.core:core:1.3.1] AndroidManifest.xml:24:18-86
34        android:debuggable="true"
35        android:extractNativeLibs="false"
36        android:icon="@mipmap/ic_launcher"
36-->src\main\AndroidManifest.xml:20:9-43
37        android:label="@string/app_name"
37-->src\main\AndroidManifest.xml:21:9-41
38        android:roundIcon="@mipmap/ic_launcher_round"
38-->src\main\AndroidManifest.xml:22:9-54
39        android:supportsRtl="true"
39-->src\main\AndroidManifest.xml:23:9-35
40        android:testOnly="true" >
41
42        <!--
43             The API key for Google Maps-based APIs is defined as a string resource.
44             (See the file "res/values/google_maps_api.xml").
45             Note that the API key is linked to the encryption key used to sign the APK.
46             You need a different API key for each encryption key, including the release key that is used to
47             sign the APK for publishing.
48             You can define the keys for the debug and release targets in src/debug/ and src/release/.
49        -->
50        <meta-data
50-->src\main\AndroidManifest.xml:34:9-36:71
51            android:name="com.google.android.geo.API_KEY"
51-->src\main\AndroidManifest.xml:35:13-58
52            android:value="AIzaSyAOYtbu4H2WDcIq_AYbMmk_CRY2qbj4iV4" />
52-->src\main\AndroidManifest.xml:36:13-68
53        <meta-data
53-->src\main\AndroidManifest.xml:37:9-39:57
54            android:name="preloaded_fonts"
54-->src\main\AndroidManifest.xml:38:13-43
55            android:resource="@array/preloaded_fonts" />
55-->src\main\AndroidManifest.xml:39:13-54
56
57        <activity
57-->src\main\AndroidManifest.xml:41:9-45:15
58            android:name="com.example.safezone.MapsActivity"
58-->src\main\AndroidManifest.xml:43:13-41
59            android:label="@string/title_activity_maps"
59-->src\main\AndroidManifest.xml:44:13-56
60            android:theme="@style/Theme.AppCompat.Light.NoActionBar" />
60-->src\main\AndroidManifest.xml:42:13-69
61        <activity
61-->src\main\AndroidManifest.xml:46:9-48:15
62            android:name="com.example.safezone.HomePage"
62-->src\main\AndroidManifest.xml:46:19-43
63            android:theme="@style/Theme.AppCompat.Light.NoActionBar" />
63-->src\main\AndroidManifest.xml:47:13-69
64        <activity
64-->src\main\AndroidManifest.xml:49:9-51:15
65            android:name="com.example.safezone.registerActivity"
65-->src\main\AndroidManifest.xml:49:19-51
66            android:theme="@style/Theme.AppCompat.Light.NoActionBar" />
66-->src\main\AndroidManifest.xml:50:13-69
67        <activity
67-->src\main\AndroidManifest.xml:52:9-54:15
68            android:name="com.example.safezone.loginActivity"
68-->src\main\AndroidManifest.xml:52:19-48
69            android:theme="@style/Theme.AppCompat.Light.NoActionBar" />
69-->src\main\AndroidManifest.xml:53:13-69
70        <activity
70-->src\main\AndroidManifest.xml:55:9-70:20
71            android:name="com.example.safezone.MainActivity"
71-->src\main\AndroidManifest.xml:55:19-47
72            android:theme="@style/Theme.AppCompat.Light.NoActionBar" >
72-->src\main\AndroidManifest.xml:56:13-69
73            <meta-data
73-->src\main\AndroidManifest.xml:34:9-36:71
74                android:name="com.google.android.geo.API_KEY"
74-->src\main\AndroidManifest.xml:35:13-58
75                android:value="AIzaSyAOYtbu4H2WDcIq_AYbMmk_CRY2qbj4iV4" />
75-->src\main\AndroidManifest.xml:36:13-68
76            <meta-data
76-->src\main\AndroidManifest.xml:62:13-64:73
77                android:name="com.google.android.gms.version"
77-->src\main\AndroidManifest.xml:63:17-62
78                android:value="@integer/google_play_services_version" />
78-->src\main\AndroidManifest.xml:64:17-70
79
80            <intent-filter>
80-->src\main\AndroidManifest.xml:65:13-69:29
81                <action android:name="android.intent.action.MAIN" />
81-->src\main\AndroidManifest.xml:66:17-69
81-->src\main\AndroidManifest.xml:66:25-66
82
83                <category android:name="android.intent.category.LAUNCHER" />
83-->src\main\AndroidManifest.xml:68:17-77
83-->src\main\AndroidManifest.xml:68:27-74
84            </intent-filter>
85        </activity>
86        <!-- Required for Android P onwards. -->
87        <uses-library
87-->[com.google.android.libraries.maps:maps:3.1.0-beta] AndroidManifest.xml:20:7-86
88            android:name="org.apache.http.legacy"
88-->[com.google.android.libraries.maps:maps:3.1.0-beta] AndroidManifest.xml:20:21-58
89            android:required="false" />
89-->[com.google.android.libraries.maps:maps:3.1.0-beta] AndroidManifest.xml:20:59-83
90
91        <activity
91-->[com.google.android.libraries.places:places:2.2.0] AndroidManifest.xml:14:9-20:20
92            android:name="com.google.android.libraries.places.widget.AutocompleteActivity"
92-->[com.google.android.libraries.places:places:2.2.0] AndroidManifest.xml:15:13-91
93            android:exported="false"
93-->[com.google.android.libraries.places:places:2.2.0] AndroidManifest.xml:16:13-37
94            android:label="@string/places_autocomplete_label"
94-->[com.google.android.libraries.places:places:2.2.0] AndroidManifest.xml:17:13-62
95            android:theme="@style/PlacesAutocompleteOverlay"
95-->[com.google.android.libraries.places:places:2.2.0] AndroidManifest.xml:18:13-61
96            android:windowSoftInputMode="adjustResize" >
96-->[com.google.android.libraries.places:places:2.2.0] AndroidManifest.xml:19:13-55
97        </activity>
98
99        <service
99-->[com.google.firebase:firebase-database:19.6.0] AndroidManifest.xml:29:9-35:19
100            android:name="com.google.firebase.components.ComponentDiscoveryService"
100-->[com.google.firebase:firebase-database:19.6.0] AndroidManifest.xml:30:13-84
101            android:directBootAware="true"
101-->[com.google.firebase:firebase-common:19.5.0] AndroidManifest.xml:35:13-43
102            android:exported="false" >
102-->[com.google.firebase:firebase-database:19.6.0] AndroidManifest.xml:31:13-37
103            <meta-data
103-->[com.google.firebase:firebase-database:19.6.0] AndroidManifest.xml:32:13-34:85
104                android:name="com.google.firebase.components:com.google.firebase.database.DatabaseRegistrar"
104-->[com.google.firebase:firebase-database:19.6.0] AndroidManifest.xml:33:17-109
105                android:value="com.google.firebase.components.ComponentRegistrar" />
105-->[com.google.firebase:firebase-database:19.6.0] AndroidManifest.xml:34:17-82
106            <!--
107                This registrar is not defined in the dynamic-module-support sdk itself to allow non-firebase
108                clients to use it as well, by defining this registrar in their own core/common library.
109            -->
110            <meta-data
110-->[com.google.firebase:firebase-common:19.5.0] AndroidManifest.xml:43:13-45:85
111                android:name="com.google.firebase.components:com.google.firebase.dynamicloading.DynamicLoadingRegistrar"
111-->[com.google.firebase:firebase-common:19.5.0] AndroidManifest.xml:44:17-121
112                android:value="com.google.firebase.components.ComponentRegistrar" />
112-->[com.google.firebase:firebase-common:19.5.0] AndroidManifest.xml:45:17-82
113        </service>
114
115        <activity
115-->[com.google.android.gms:play-services-base:17.3.0] AndroidManifest.xml:23:9-26:75
116            android:name="com.google.android.gms.common.api.GoogleApiActivity"
116-->[com.google.android.gms:play-services-base:17.3.0] AndroidManifest.xml:24:13-79
117            android:exported="false"
117-->[com.google.android.gms:play-services-base:17.3.0] AndroidManifest.xml:25:13-37
118            android:theme="@android:style/Theme.Translucent.NoTitleBar" />
118-->[com.google.android.gms:play-services-base:17.3.0] AndroidManifest.xml:26:13-72
119
120        <provider
120-->[com.google.firebase:firebase-common:19.5.0] AndroidManifest.xml:26:9-31:39
121            android:name="com.google.firebase.provider.FirebaseInitProvider"
121-->[com.google.firebase:firebase-common:19.5.0] AndroidManifest.xml:27:13-77
122            android:authorities="com.example.safezone.firebaseinitprovider"
122-->[com.google.firebase:firebase-common:19.5.0] AndroidManifest.xml:28:13-72
123            android:directBootAware="true"
123-->[com.google.firebase:firebase-common:19.5.0] AndroidManifest.xml:29:13-43
124            android:exported="false"
124-->[com.google.firebase:firebase-common:19.5.0] AndroidManifest.xml:30:13-37
125            android:initOrder="100" />
125-->[com.google.firebase:firebase-common:19.5.0] AndroidManifest.xml:31:13-36
126
127        <meta-data
127-->src\main\AndroidManifest.xml:62:13-64:73
128            android:name="com.google.android.gms.version"
128-->src\main\AndroidManifest.xml:63:17-62
129            android:value="@integer/google_play_services_version" />
129-->src\main\AndroidManifest.xml:64:17-70
130
131        <service
131-->[com.google.android.datatransport:transport-backend-cct:2.1.0] AndroidManifest.xml:29:9-35:19
132            android:name="com.google.android.datatransport.runtime.backends.TransportBackendDiscovery"
132-->[com.google.android.datatransport:transport-backend-cct:2.1.0] AndroidManifest.xml:30:13-103
133            android:exported="false" >
133-->[com.google.android.datatransport:transport-backend-cct:2.1.0] AndroidManifest.xml:31:13-37
134            <meta-data
134-->[com.google.android.datatransport:transport-backend-cct:2.1.0] AndroidManifest.xml:32:13-34:39
135                android:name="backend:com.google.android.datatransport.cct.CctBackendFactory"
135-->[com.google.android.datatransport:transport-backend-cct:2.1.0] AndroidManifest.xml:33:17-94
136                android:value="cct" />
136-->[com.google.android.datatransport:transport-backend-cct:2.1.0] AndroidManifest.xml:34:17-36
137        </service>
138        <service
138-->[com.google.android.datatransport:transport-runtime:2.1.0] AndroidManifest.xml:26:9-30:19
139            android:name="com.google.android.datatransport.runtime.scheduling.jobscheduling.JobInfoSchedulerService"
139-->[com.google.android.datatransport:transport-runtime:2.1.0] AndroidManifest.xml:27:13-117
140            android:exported="false"
140-->[com.google.android.datatransport:transport-runtime:2.1.0] AndroidManifest.xml:28:13-37
141            android:permission="android.permission.BIND_JOB_SERVICE" >
141-->[com.google.android.datatransport:transport-runtime:2.1.0] AndroidManifest.xml:29:13-69
142        </service>
143
144        <receiver
144-->[com.google.android.datatransport:transport-runtime:2.1.0] AndroidManifest.xml:32:9-34:40
145            android:name="com.google.android.datatransport.runtime.scheduling.jobscheduling.AlarmManagerSchedulerBroadcastReceiver"
145-->[com.google.android.datatransport:transport-runtime:2.1.0] AndroidManifest.xml:33:13-132
146            android:exported="false" />
146-->[com.google.android.datatransport:transport-runtime:2.1.0] AndroidManifest.xml:34:13-37
147
148        <provider
148-->[androidx.lifecycle:lifecycle-process:2.1.0] AndroidManifest.xml:23:9-27:43
149            android:name="androidx.lifecycle.ProcessLifecycleOwnerInitializer"
149-->[androidx.lifecycle:lifecycle-process:2.1.0] AndroidManifest.xml:24:13-79
150            android:authorities="com.example.safezone.lifecycle-process"
150-->[androidx.lifecycle:lifecycle-process:2.1.0] AndroidManifest.xml:25:13-69
151            android:exported="false"
151-->[androidx.lifecycle:lifecycle-process:2.1.0] AndroidManifest.xml:26:13-37
152            android:multiprocess="true" />
152-->[androidx.lifecycle:lifecycle-process:2.1.0] AndroidManifest.xml:27:13-40
153    </application>
154
155</manifest>